
> @tailwind-styled/compiler@5.0.14 build
> tsup --config tsup.config.ts

CLI Building entry: {"index":"src/index.ts"}
CLI Using tsconfig: tsconfig.json
CLI tsup v8.5.1
CLI Using tsup config: /home/annas-zen/Documents/css-in-rust/packages/domain/compiler/tsup.config.ts
CLI Target: node20
CLI Cleaning output folder
ESM Build start
CJS Build start

 WARN  [33m▲ [43;33m[[43;30mWARNING[43;33m][0m [1m"import.meta" is not available with the "cjs" output format and will be empty[0m [empty-import-meta]

    src/compiler/tailwindEngine.ts:19:14:
[37m      19 │     : (typeof [32mimport.meta[37m !== "undefined" && import.meta.url ? imp...
         ╵               [32m~~~~~~~~~~~[0m

  You need to set the output format to "esm" for "import.meta" to work correctly.




 WARN  [33m▲ [43;33m[[43;30mWARNING[43;33m][0m [1m"import.meta" is not available with the "cjs" output format and will be empty[0m [empty-import-meta]

    src/compiler/tailwindEngine.ts:19:45:
[37m      19 │ ...t.meta !== "undefined" && [32mimport.meta[37m.url ? import.meta.url : "...
         ╵                              [32m~~~~~~~~~~~[0m

  You need to set the output format to "esm" for "import.meta" to work correctly.




 WARN  [33m▲ [43;33m[[43;30mWARNING[43;33m][0m [1m"import.meta" is not available with the "cjs" output format and will be empty[0m [empty-import-meta]

    src/compiler/tailwindEngine.ts:19:63:
[37m      19 │ ...ndefined" && import.meta.url ? [32mimport.meta[37m.url : "file://unknown")
         ╵                                   [32m~~~~~~~~~~~[0m

  You need to set the output format to "esm" for "import.meta" to work correctly.




 WARN  [33m▲ [43;33m[[43;30mWARNING[43;33m][0m [1m"import.meta" is not available with the "cjs" output format and will be empty[0m [empty-import-meta]

    src/index.ts:21:6:
[37m      21 │     : [32mimport.meta[37m.url
         ╵       [32m~~~~~~~~~~~[0m

  You need to set the output format to "esm" for "import.meta" to work correctly.




 WARN  [33m▲ [43;33m[[43;30mWARNING[43;33m][0m [1m"import.meta" is not available with the "cjs" output format and will be empty[0m [empty-import-meta]

    src/tailwindEngine.ts:17:14:
[37m      17 │     : (typeof [32mimport.meta[37m !== "undefined" && import.meta.url ? imp...
         ╵               [32m~~~~~~~~~~~[0m

  You need to set the output format to "esm" for "import.meta" to work correctly.




 WARN  [33m▲ [43;33m[[43;30mWARNING[43;33m][0m [1m"import.meta" is not available with the "cjs" output format and will be empty[0m [empty-import-meta]

    src/tailwindEngine.ts:17:45:
[37m      17 │ ...t.meta !== "undefined" && [32mimport.meta[37m.url ? import.meta.url : "...
         ╵                              [32m~~~~~~~~~~~[0m

  You need to set the output format to "esm" for "import.meta" to work correctly.




 WARN  [33m▲ [43;33m[[43;30mWARNING[43;33m][0m [1m"import.meta" is not available with the "cjs" output format and will be empty[0m [empty-import-meta]

    src/tailwindEngine.ts:17:63:
[37m      17 │ ...ndefined" && import.meta.url ? [32mimport.meta[37m.url : "file://unknown")
         ╵                                   [32m~~~~~~~~~~~[0m

  You need to set the output format to "esm" for "import.meta" to work correctly.



ESM dist/index.js                   75.98 KB
ESM dist/tailwindEngine-QW5ZM3OW.js 275.00 B
ESM dist/chunk-3W6NE7WC.js          16.94 KB
ESM ⚡️ Build success in 66ms
CJS dist/index.cjs 107.29 KB
CJS ⚡️ Build success in 67ms
DTS Build start
src/typeGenerationPlugin.ts(20,15): error TS2459: Module '"tsup"' declares 'Plugin' locally, but it is not exported.

Error: error occurred in dts build
    at Worker.<anonymous> (/home/annas-zen/Documents/css-in-rust/node_modules/tsup/dist/index.js:1545:26)
    at Worker.emit (node:events:509:20)
    at MessagePort.<anonymous> (node:internal/worker:358:14)
    at [nodejs.internal.kHybridDispatch] (node:internal/event_target:843:20)
    at MessagePort.<anonymous> (node:internal/per_context/messageport:23:28)
DTS Build error
npm error Lifecycle script `build` failed with error:
npm error code 1
npm error path /home/annas-zen/Documents/css-in-rust/packages/domain/compiler
npm error workspace @tailwind-styled/compiler@5.0.14
npm error location /home/annas-zen/Documents/css-in-rust/packages/domain/compiler
npm error command failed
npm error command sh -c tsup --config tsup.config.ts
